<?xml version="1.0" encoding="UTF-8"?>
<robot generator="Robot 3.2.2 (Python 3.9.5 on win32)" generated="20210718 22:11:29.523" rpa="false">
<suite id="s1" name="TEST1" source="C:\Users\ASUS\eclipse-workspace\TEST1">
<suite id="s1-s1" name="LoginOrangeHRM" source="C:\Users\ASUS\eclipse-workspace\TEST1\LoginOrangeHRM.robot">
<test id="s1-s1-t1" name="OrangeHRM">
<kw name="Login Test" type="setup">
<kw name="Open Browser" library="SeleniumLibrary">
<doc>Opens a new browser instance to the optional ``url``.</doc>
<arguments>
<arg>${open_browser}[0]</arg>
<arg>${open_browser}[1]</arg>
</arguments>
<msg timestamp="20210718 22:11:30.375" level="INFO">Opening browser 'chrome' to base url 'https://opensource-demo.orangehrmlive.com/'.</msg>
<status status="PASS" starttime="20210718 22:11:30.374" endtime="20210718 22:12:08.976"></status>
</kw>
<kw name="Maximize Browser Window" library="SeleniumLibrary">
<doc>Maximizes current browser window.</doc>
<status status="PASS" starttime="20210718 22:12:08.977" endtime="20210718 22:12:09.318"></status>
</kw>
<kw name="Set Browser Implicit Wait" library="SeleniumLibrary">
<doc>Sets the implicit wait value used by Selenium.</doc>
<arguments>
<arg>5</arg>
</arguments>
<status status="PASS" starttime="20210718 22:12:09.319" endtime="20210718 22:12:09.322"></status>
</kw>
<kw name="Input Text" library="SeleniumLibrary">
<doc>Types the given ``text`` into the text field identified by ``locator``.</doc>
<arguments>
<arg>id=txtUsername</arg>
<arg>${LoginData}[username]</arg>
</arguments>
<msg timestamp="20210718 22:12:09.324" level="INFO">Typing text 'Admin' into text field 'id=txtUsername'.</msg>
<status status="PASS" starttime="20210718 22:12:09.323" endtime="20210718 22:12:09.802"></status>
</kw>
<kw name="Input Text" library="SeleniumLibrary">
<doc>Types the given ``text`` into the text field identified by ``locator``.</doc>
<arguments>
<arg>id=txtPassword</arg>
<arg>${LoginData}[password]</arg>
</arguments>
<msg timestamp="20210718 22:12:09.804" level="INFO">Typing text 'admin123' into text field 'id=txtPassword'.</msg>
<status status="PASS" starttime="20210718 22:12:09.803" endtime="20210718 22:12:10.003"></status>
</kw>
<kw name="Click Button" library="SeleniumLibrary">
<doc>Clicks the button identified by ``locator``.</doc>
<arguments>
<arg>id=btnLogin</arg>
</arguments>
<msg timestamp="20210718 22:12:10.005" level="INFO">Clicking button 'id=btnLogin'.</msg>
<status status="PASS" starttime="20210718 22:12:10.004" endtime="20210718 22:12:39.491"></status>
</kw>
<status status="PASS" starttime="20210718 22:11:30.372" endtime="20210718 22:12:39.492"></status>
</kw>
<kw name="CheckSitedetails">
<kw name="Title Should Be" library="SeleniumLibrary">
<doc>Verifies that the current page title equals ``title``.</doc>
<arguments>
<arg>OrangeHRM</arg>
</arguments>
<msg timestamp="20210718 22:12:39.505" level="INFO">Page title is 'OrangeHRM'.</msg>
<status status="PASS" starttime="20210718 22:12:39.495" endtime="20210718 22:12:39.506"></status>
</kw>
<kw name="Get Element Attribute" library="SeleniumLibrary">
<doc>Returns the value of ``attribute`` from the element ``locator``.</doc>
<arguments>
<arg>id=welcome</arg>
<arg>Welcome Paul</arg>
</arguments>
<status status="PASS" starttime="20210718 22:12:39.507" endtime="20210718 22:12:39.552"></status>
</kw>
<kw name="Click Element" library="SeleniumLibrary">
<doc>Click the element identified by ``locator``.</doc>
<arguments>
<arg>id=welcome</arg>
</arguments>
<msg timestamp="20210718 22:12:39.554" level="INFO">Clicking element 'id=welcome'.</msg>
<status status="PASS" starttime="20210718 22:12:39.553" endtime="20210718 22:12:39.638"></status>
</kw>
<kw name="Click Element" library="SeleniumLibrary">
<doc>Click the element identified by ``locator``.</doc>
<arguments>
<arg>xpath=//*[@id="welcome-menu"]/ul/li[3]/a</arg>
</arguments>
<msg timestamp="20210718 22:12:39.640" level="INFO">Clicking element 'xpath=//*[@id="welcome-menu"]/ul/li[3]/a'.</msg>
<status status="PASS" starttime="20210718 22:12:39.639" endtime="20210718 22:12:56.483"></status>
</kw>
<status status="PASS" starttime="20210718 22:12:39.493" endtime="20210718 22:12:56.484"></status>
</kw>
<kw name="Close Window" library="SeleniumLibrary" type="teardown">
<doc>Closes currently opened and selected browser window/tab.</doc>
<status status="PASS" starttime="20210718 22:12:56.485" endtime="20210718 22:12:56.816"></status>
</kw>
<status status="PASS" starttime="20210718 22:11:30.370" endtime="20210718 22:12:56.817" critical="yes"></status>
</test>
<status status="PASS" starttime="20210718 22:11:29.707" endtime="20210718 22:12:56.819"></status>
</suite>
<status status="PASS" starttime="20210718 22:11:29.629" endtime="20210718 22:12:56.825"></status>
</suite>
<statistics>
<total>
<stat pass="1" fail="0">Critical Tests</stat>
<stat pass="1" fail="0">All Tests</stat>
</total>
<tag>
</tag>
<suite>
<stat pass="1" fail="0" id="s1" name="TEST1">TEST1</stat>
<stat pass="1" fail="0" id="s1-s1" name="LoginOrangeHRM">TEST1.LoginOrangeHRM</stat>
</suite>
</statistics>
<errors>
</errors>
</robot>
